<?xml version="1.0" encoding="UTF-8"?>
<!-- Generated by org.testng.reporters.JUnitXMLReporter -->
<testsuite ignored="0" hostname="DESKTOP-CT2HVE6" failures="0" tests="4" name="Test" time="156.683" errors="0" timestamp="2022-10-31T01:27:20 BDT">
  <testcase classname="Academy.pageValidation" name="basePageNavigations" time="0.022"/>
  <testcase classname="Academy.NavBarValidation" name="basePageNavigations" time="0.027"/>
  <testcase classname="Academy.Homepage" name="basePageNavigations" time="8.909"/>
  <testcase classname="Academy.titleValidation" name="basePageNavigations" time="0.016"/>
</testsuite> <!-- Test -->
