<?xml version="1.0" encoding="UTF-8"?>
<!-- Generated by org.testng.reporters.JUnitXMLReporter -->
<testsuite ignored="0" hostname="DESKTOP-CT2HVE6" failures="0" tests="4" name="Test" time="164.653" errors="0" timestamp="2022-10-31T18:46:17 BDT">
  <testcase classname="Academy.Homepage" name="basePageNavigations" time="21.782"/>
  <testcase classname="Academy.pageValidation" name="basePageNavigations" time="0.021"/>
  <testcase classname="Academy.NavBarValidation" name="basePageNavigations" time="0.027"/>
  <testcase classname="Academy.titleValidation" name="basePageNavigations" time="0.016"/>
</testsuite> <!-- Test -->
